0 info it worked if it ends with ok
1 verbose cli [ '/usr/local/Cellar/node/7.6.0/bin/node',
1 verbose cli   '/usr/local/bin/npm',
1 verbose cli   'start' ]
2 info using npm@4.1.2
3 info using node@v7.6.0
4 verbose run-script [ 'prestart', 'start', 'poststart' ]
5 info lifecycle chirp@1.0.0~prestart: chirp@1.0.0
6 silly lifecycle chirp@1.0.0~prestart: no script for prestart, continuing
7 info lifecycle chirp@1.0.0~start: chirp@1.0.0
8 verbose lifecycle chirp@1.0.0~start: unsafe-perm in lifecycle true
9 verbose lifecycle chirp@1.0.0~start: PATH: /usr/local/lib/node_modules/npm/bin/node-gyp-bin:/Users/virrages/.go/src/github.com/VirrageS/chirp/frontend/node_modules/.bin:/Users/virrages/.yarn/bin:/usr/local/bin:/Users/virrages/anaconda3/bin:/Users/virrages/Library/Haskell/bin:/usr/bin:/bin:/usr/sbin:/sbin:/usr/local/bin:/Library/TeX/texbin:/Users/virrages/.go/bin:/usr/local/texlive/2016/bin/x86_64-darwin:/Library/TeX/Distributions/.DefaultTeX/Contents/Programs/texbin
10 verbose lifecycle chirp@1.0.0~start: CWD: /Users/virrages/.go/src/github.com/VirrageS/chirp/frontend
11 silly lifecycle chirp@1.0.0~start: Args: [ '-c',
11 silly lifecycle   'webpack-dev-server --inline --progress -d --host=0.0.0.0 --port 3000' ]
12 silly lifecycle chirp@1.0.0~start: Returned: code: 1  signal: null
13 info lifecycle chirp@1.0.0~start: Failed to exec start script
14 verbose stack Error: chirp@1.0.0 start: `webpack-dev-server --inline --progress -d --host=0.0.0.0 --port 3000`
14 verbose stack Exit status 1
14 verbose stack     at EventEmitter.<anonymous> (/usr/local/lib/node_modules/npm/lib/utils/lifecycle.js:279:16)
14 verbose stack     at emitTwo (events.js:106:13)
14 verbose stack     at EventEmitter.emit (events.js:192:7)
14 verbose stack     at ChildProcess.<anonymous> (/usr/local/lib/node_modules/npm/lib/utils/spawn.js:40:14)
14 verbose stack     at emitTwo (events.js:106:13)
14 verbose stack     at ChildProcess.emit (events.js:192:7)
14 verbose stack     at maybeClose (internal/child_process.js:890:16)
14 verbose stack     at Process.ChildProcess._handle.onexit (internal/child_process.js:226:5)
15 verbose pkgid chirp@1.0.0
16 verbose cwd /Users/virrages/.go/src/github.com/VirrageS/chirp/frontend
17 error Darwin 16.4.0
18 error argv "/usr/local/Cellar/node/7.6.0/bin/node" "/usr/local/bin/npm" "start"
19 error node v7.6.0
20 error npm  v4.1.2
21 error code ELIFECYCLE
22 error chirp@1.0.0 start: `webpack-dev-server --inline --progress -d --host=0.0.0.0 --port 3000`
22 error Exit status 1
23 error Failed at the chirp@1.0.0 start script 'webpack-dev-server --inline --progress -d --host=0.0.0.0 --port 3000'.
23 error Make sure you have the latest version of node.js and npm installed.
23 error If you do, this is most likely a problem with the chirp package,
23 error not with npm itself.
23 error Tell the author that this fails on your system:
23 error     webpack-dev-server --inline --progress -d --host=0.0.0.0 --port 3000
23 error You can get information on how to open an issue for this project with:
23 error     npm bugs chirp
23 error Or if that isn't available, you can get their info via:
23 error     npm owner ls chirp
23 error There is likely additional logging output above.
24 verbose exit [ 1, true ]
